0	14:01:37.040	Compiling 'MACD Sample'
0	14:01:37.040	Compiling 'Moving Average'
0	14:01:39.723	Compiling 'Accelerator'
0	14:01:39.723	Compiling 'Accumulation'
0	14:01:39.723	Compiling 'Alligator'
0	14:01:39.723	Compiling 'ATR'
0	14:01:39.723	Compiling 'Awesome'
0	14:01:39.723	Compiling 'Bands'
0	14:01:39.723	Compiling 'Bears'
0	14:01:39.723	Compiling 'Bulls'
0	14:01:39.723	Compiling 'CCI'
0	14:01:39.723	Compiling 'Custom Moving Averages'
0	14:01:39.723	Compiling 'Heiken Ashi'
0	14:01:39.723	Compiling 'Ichimoku'
0	14:01:39.723	Compiling 'iExposure'
0	14:01:39.723	Compiling 'MACD'
0	14:01:39.723	Compiling 'Momentum'
0	14:01:39.723	Compiling 'OsMA'
0	14:01:39.723	Compiling 'Parabolic'
0	14:01:39.723	Compiling 'RSI'
0	14:01:39.723	Compiling 'Stochastic'
0	14:01:39.723	Compiling 'ZigZag'
0	14:01:39.723	Compiling 'SimplePanel'
0	14:01:46.035	Compiling 'PeriodConverter'
0	14:01:46.035	Compiling 'DLLSampleTester'
0	14:01:46.035	Compiling 'PipeClient'
0	14:01:46.035	Compiling 'PipeClientPure'
0	14:01:49.097	Compiling 'stdlib'
0	14:14:34.966	Script HelloWorld USDJPY,M1: loaded successfully
0	14:14:34.984	HelloWorld USDJPY,M1: initialized
0	14:14:34.984	HelloWorld USDJPY,M1: Alert: Hello World
0	14:14:34.984	HelloWorld USDJPY,M1: uninit reason 0
0	14:14:34.988	Script HelloWorld USDJPY,M1: removed
